<?xml version="1.0" encoding="UTF-8"?>
<testsuite name="service.user.AuthenticationServiceMySQLTest" tests="3" skipped="0" failures="0" errors="0" timestamp="2021-03-29T16:59:15" hostname="DESKTOP-7BA1TPA" time="0.105">
  <properties/>
  <testcase name="logout" classname="service.user.AuthenticationServiceMySQLTest" time="0.033"/>
  <testcase name="register" classname="service.user.AuthenticationServiceMySQLTest" time="0.034"/>
  <testcase name="login" classname="service.user.AuthenticationServiceMySQLTest" time="0.037"/>
  <system-out><![CDATA[]]></system-out>
  <system-err><![CDATA[]]></system-err>
</testsuite>
