<?xml version="1.0" encoding="UTF-8"?>
<testsuite name="repository.activity.ActivityRepositoryMySQLTest" tests="3" skipped="0" failures="0" errors="0" timestamp="2021-03-29T16:59:12" hostname="DESKTOP-7BA1TPA" time="0.499">
  <properties/>
  <testcase name="findActivityByEmployee" classname="repository.activity.ActivityRepositoryMySQLTest" time="0.111"/>
  <testcase name="generateActivity" classname="repository.activity.ActivityRepositoryMySQLTest" time="0.258"/>
  <testcase name="addActivity" classname="repository.activity.ActivityRepositoryMySQLTest" time="0.129"/>
  <system-out><![CDATA[]]></system-out>
  <system-err><![CDATA[]]></system-err>
</testsuite>
