<?xml version="1.0" encoding="UTF-8"?>
<testsuite name="service.employee.EmployeeServiceMySQLTest" tests="15" skipped="0" failures="0" errors="0" timestamp="2021-03-29T16:59:13" hostname="DESKTOP-7BA1TPA" time="1.567">
  <properties/>
  <testcase name="findAccountByClient" classname="service.employee.EmployeeServiceMySQLTest" time="0.142"/>
  <testcase name="updateAmountOfMoney" classname="service.employee.EmployeeServiceMySQLTest" time="0.091"/>
  <testcase name="updateClientSurname" classname="service.employee.EmployeeServiceMySQLTest" time="0.085"/>
  <testcase name="findByFullName" classname="service.employee.EmployeeServiceMySQLTest" time="0.078"/>
  <testcase name="viewAccount" classname="service.employee.EmployeeServiceMySQLTest" time="0.081"/>
  <testcase name="updateClientICN" classname="service.employee.EmployeeServiceMySQLTest" time="0.093"/>
  <testcase name="updatePhone" classname="service.employee.EmployeeServiceMySQLTest" time="0.092"/>
  <testcase name="updateMail" classname="service.employee.EmployeeServiceMySQLTest" time="0.087"/>
  <testcase name="updateType" classname="service.employee.EmployeeServiceMySQLTest" time="0.075"/>
  <testcase name="view" classname="service.employee.EmployeeServiceMySQLTest" time="0.071"/>
  <testcase name="removeAccount" classname="service.employee.EmployeeServiceMySQLTest" time="0.082"/>
  <testcase name="findByCNP" classname="service.employee.EmployeeServiceMySQLTest" time="0.22"/>
  <testcase name="createAccount" classname="service.employee.EmployeeServiceMySQLTest" time="0.194"/>
  <testcase name="createClient" classname="service.employee.EmployeeServiceMySQLTest" time="0.093"/>
  <testcase name="updateAddress" classname="service.employee.EmployeeServiceMySQLTest" time="0.079"/>
  <system-out><![CDATA[[model.Client@5cdd8cf9]
]]></system-out>
  <system-err><![CDATA[]]></system-err>
</testsuite>
